begin: 1677728406818 ,end: 1677728446823 
timeout:1677728407000	lv1:16	lv2:1	lv3:0
real insert: 0 1
---> lv1 从动: 0 1677728406823 <---
---> lv1 从动: 1 1677728406828 <---
---> lv1 从动: 2 1677728406833 <---
---> lv1 从动: 3 1677728406838 <---
---> lv1 从动: 4 1677728406844 <---
---> lv1 从动: 5 1677728406848 <---
---> lv1 从动: 6 1677728406853 <---
---> lv1 从动: 7 1677728406859 <---
---> lv1 从动: 8 1677728406863 <---
---> lv1 从动: 9 1677728406868 <---
---> lv1 从动: 10 1677728406874 <---
---> lv1 从动: 11 1677728406879 <---
---> lv1 从动: 12 1677728406883 <---
---> lv1 从动: 13 1677728406888 <---
---> lv1 从动: 14 1677728406893 <---
---> lv1 从动: 15 1677728406898 <---
---> lv1 从动: 16 1677728406904 <---
---> lv1 从动: 17 1677728406908 <---
---> lv1 从动: 18 1677728406913 <---
---> lv1 从动: 19 1677728406919 <---
---> lv2 从动: 0 1677728406919 <---
error re-map! begin_time---> lv1 从动: 0 1677728406923 <---
---> lv1 从动: 1 1677728406928 <---
---> lv1 从动: 2 1677728406934 <---
---> lv1 从动: 3 1677728406938 <---
---> lv1 从动: 4 1677728406944 <---
---> lv1 从动: 5 1677728406948 <---
---> lv1 从动: 6 1677728406953 <---
---> lv1 从动: 7 1677728406958 <---
---> lv1 从动: 8 1677728406964 <---
---> lv1 从动: 9 1677728406968 <---
---> lv1 从动: 10 1677728406973 <---
---> lv1 从动: 11 1677728406978 <---
---> lv1 从动: 12 1677728406984 <---
---> lv1 从动: 13 1677728406988 <---
---> lv1 从动: 14 1677728406993 <---
---> lv1 从动: 15 1677728406998 <---
Timer Tick now: 1677728407003	 timeout:1677728407000
timeout:1677728408000	lv1:16	lv2:11	lv3:0
real insert: 0 11
---> lv1 从动: 16 1677728407003 <---
---> lv1 从动: 17 1677728407008 <---
---> lv1 从动: 18 1677728407014 <---
---> lv1 从动: 19 1677728407018 <---
---> lv2 从动: 1 1677728407018 <---
---> lv1 从动: 0 1677728407023 <---
---> lv1 从动: 1 1677728407028 <---
---> lv1 从动: 2 1677728407034 <---
---> lv1 从动: 3 1677728407038 <---
---> lv1 从动: 4 1677728407043 <---
---> lv1 从动: 5 1677728407048 <---
---> lv1 从动: 6 1677728407053 <---
---> lv1 从动: 7 1677728407059 <---
---> lv1 从动: 8 1677728407064 <---
---> lv1 从动: 9 1677728407068 <---
---> lv1 从动: 10 1677728407074 <---
---> lv1 从动: 11 1677728407078 <---
---> lv1 从动: 12 1677728407083 <---
---> lv1 从动: 13 1677728407088 <---
---> lv1 从动: 14 1677728407093 <---
---> lv1 从动: 15 1677728407099 <---
---> lv1 从动: 16 1677728407103 <---
---> lv1 从动: 17 1677728407108 <---
---> lv1 从动: 18 1677728407113 <---
---> lv1 从动: 19 1677728407118 <---
---> lv2 从动: 2 1677728407118 <---
---> lv1 从动: 0 1677728407123 <---
---> lv1 从动: 1 1677728407128 <---
---> lv1 从动: 2 1677728407133 <---
---> lv1 从动: 3 1677728407138 <---
---> lv1 从动: 4 1677728407143 <---
---> lv1 从动: 5 1677728407148 <---
---> lv1 从动: 6 1677728407153 <---
---> lv1 从动: 7 1677728407158 <---
---> lv1 从动: 8 1677728407163 <---
---> lv1 从动: 9 1677728407168 <---
---> lv1 从动: 10 1677728407173 <---
---> lv1 从动: 11 1677728407178 <---
---> lv1 从动: 12 1677728407183 <---
---> lv1 从动: 13 1677728407188 <---
---> lv1 从动: 14 1677728407193 <---
---> lv1 从动: 15 1677728407198 <---
---> lv1 从动: 16 1677728407203 <---
---> lv1 从动: 17 1677728407208 <---
---> lv1 从动: 18 1677728407213 <---
---> lv1 从动: 19 1677728407219 <---
---> lv2 从动: 3 1677728407219 <---
---> lv1 从动: 0 1677728407223 <---
---> lv1 从动: 1 1677728407228 <---
---> lv1 从动: 2 1677728407234 <---
---> lv1 从动: 3 1677728407238 <---
---> lv1 从动: 4 1677728407243 <---
---> lv1 从动: 5 1677728407248 <---
---> lv1 从动: 6 1677728407254 <---
---> lv1 从动: 7 1677728407258 <---
---> lv1 从动: 8 1677728407263 <---
---> lv1 从动: 9 1677728407268 <---
---> lv1 从动: 10 1677728407273 <---
---> lv1 从动: 11 1677728407278 <---
---> lv1 从动: 12 1677728407283 <---
---> lv1 从动: 13 1677728407288 <---
---> lv1 从动: 14 1677728407293 <---
---> lv1 从动: 15 1677728407298 <---
---> lv1 从动: 16 1677728407303 <---
---> lv1 从动: 17 1677728407309 <---
---> lv1 从动: 18 1677728407314 <---
---> lv1 从动: 19 1677728407318 <---
---> lv2 从动: 4 1677728407318 <---
---> lv1 从动: 0 1677728407323 <---
---> lv1 从动: 1 1677728407329 <---
---> lv1 从动: 2 1677728407334 <---
---> lv1 从动: 3 1677728407339 <---
---> lv1 从动: 4 1677728407344 <---
---> lv1 从动: 5 1677728407348 <---
---> lv1 从动: 6 1677728407353 <---
---> lv1 从动: 7 1677728407359 <---
---> lv1 从动: 8 1677728407363 <---
---> lv1 从动: 9 1677728407368 <---
---> lv1 从动: 10 1677728407373 <---
---> lv1 从动: 11 1677728407378 <---
---> lv1 从动: 12 1677728407384 <---
---> lv1 从动: 13 1677728407388 <---
---> lv1 从动: 14 1677728407393 <---
---> lv1 从动: 15 1677728407398 <---
---> lv1 从动: 16 1677728407403 <---
---> lv1 从动: 17 1677728407408 <---
---> lv1 从动: 18 1677728407413 <---
---> lv1 从动: 19 1677728407418 <---
---> lv2 从动: 5 1677728407418 <---
---> lv1 从动: 0 1677728407423 <---
---> lv1 从动: 1 1677728407428 <---
---> lv1 从动: 2 1677728407433 <---
---> lv1 从动: 3 1677728407438 <---
---> lv1 从动: 4 1677728407443 <---
---> lv1 从动: 5 1677728407448 <---
---> lv1 从动: 6 1677728407453 <---
---> lv1 从动: 7 1677728407458 <---
---> lv1 从动: 8 1677728407463 <---
---> lv1 从动: 9 1677728407471 <---
---> lv1 从动: 10 1677728407473 <---
---> lv1 从动: 11 1677728407478 <---
---> lv1 从动: 12 1677728407483 <---
---> lv1 从动: 13 1677728407488 <---
---> lv1 从动: 14 1677728407493 <---
---> lv1 从动: 15 1677728407498 <---
---> lv1 从动: 16 1677728407503 <---
---> lv1 从动: 17 1677728407508 <---
---> lv1 从动: 18 1677728407513 <---
---> lv1 从动: 19 1677728407518 <---
---> lv2 从动: 6 1677728407518 <---
---> lv1 从动: 0 1677728407523 <---
---> lv1 从动: 1 1677728407528 <---
---> lv1 从动: 2 1677728407534 <---
---> lv1 从动: 3 1677728407539 <---
---> lv1 从动: 4 1677728407544 <---
---> lv1 从动: 5 1677728407548 <---
---> lv1 从动: 6 1677728407553 <---
---> lv1 从动: 7 1677728407558 <---
---> lv1 从动: 8 1677728407563 <---
---> lv1 从动: 9 1677728407568 <---
---> lv1 从动: 10 1677728407573 <---
---> lv1 从动: 11 1677728407578 <---
---> lv1 从动: 12 1677728407583 <---
---> lv1 从动: 13 1677728407588 <---
---> lv1 从动: 14 1677728407593 <---
---> lv1 从动: 15 1677728407598 <---
---> lv1 从动: 16 1677728407603 <---
---> lv1 从动: 17 1677728407609 <---
---> lv1 从动: 18 1677728407613 <---
---> lv1 从动: 19 1677728407618 <---
---> lv2 从动: 7 1677728407618 <---
---> lv1 从动: 0 1677728407625 <---
---> lv1 从动: 1 1677728407628 <---
---> lv1 从动: 2 1677728407634 <---
---> lv1 从动: 3 1677728407638 <---
---> lv1 从动: 4 1677728407643 <---
---> lv1 从动: 5 1677728407648 <---
---> lv1 从动: 6 1677728407653 <---
---> lv1 从动: 7 1677728407658 <---
---> lv1 从动: 8 1677728407663 <---
---> lv1 从动: 9 1677728407668 <---
---> lv1 从动: 10 1677728407673 <---
---> lv1 从动: 11 1677728407678 <---
---> lv1 从动: 12 1677728407683 <---
---> lv1 从动: 13 1677728407688 <---
---> lv1 从动: 14 1677728407693 <---
---> lv1 从动: 15 1677728407699 <---
---> lv1 从动: 16 1677728407703 <---
---> lv1 从动: 17 1677728407709 <---
---> lv1 从动: 18 1677728407713 <---
---> lv1 从动: 19 1677728407718 <---
---> lv2 从动: 8 1677728407718 <---
---> lv1 从动: 0 1677728407724 <---
---> lv1 从动: 1 1677728407728 <---
---> lv1 从动: 2 1677728407733 <---
---> lv1 从动: 3 1677728407739 <---
---> lv1 从动: 4 1677728407743 <---
---> lv1 从动: 5 1677728407748 <---
---> lv1 从动: 6 1677728407753 <---
---> lv1 从动: 7 1677728407758 <---
---> lv1 从动: 8 1677728407764 <---
---> lv1 从动: 9 1677728407768 <---
---> lv1 从动: 10 1677728407773 <---
---> lv1 从动: 11 1677728407778 <---
---> lv1 从动: 12 1677728407784 <---
---> lv1 从动: 13 1677728407788 <---
---> lv1 从动: 14 1677728407794 <---
---> lv1 从动: 15 1677728407798 <---
---> lv1 从动: 16 1677728407804 <---
---> lv1 从动: 17 1677728407808 <---
---> lv1 从动: 18 1677728407813 <---
---> lv1 从动: 19 1677728407818 <---
---> lv2 从动: 9 1677728407818 <---
---> lv1 从动: 0 1677728407824 <---
---> lv1 从动: 1 1677728407829 <---
---> lv1 从动: 2 1677728407833 <---
---> lv1 从动: 3 1677728407839 <---
---> lv1 从动: 4 1677728407843 <---
---> lv1 从动: 5 1677728407848 <---
---> lv1 从动: 6 1677728407853 <---
---> lv1 从动: 7 1677728407858 <---
---> lv1 从动: 8 1677728407863 <---
---> lv1 从动: 9 1677728407868 <---
---> lv1 从动: 10 1677728407873 <---
---> lv1 从动: 11 1677728407878 <---
---> lv1 从动: 12 1677728407883 <---
---> lv1 从动: 13 1677728407888 <---
---> lv1 从动: 14 1677728407893 <---
---> lv1 从动: 15 1677728407899 <---
---> lv1 从动: 16 1677728407903 <---
---> lv1 从动: 17 1677728407909 <---
---> lv1 从动: 18 1677728407913 <---
---> lv1 从动: 19 1677728407918 <---
---> lv2 从动: 10 1677728407918 <---
error re-map! begin_time---> lv1 从动: 0 1677728407923 <---
---> lv1 从动: 1 1677728407928 <---
---> lv1 从动: 2 1677728407933 <---
---> lv1 从动: 3 1677728407938 <---
---> lv1 从动: 4 1677728407944 <---
---> lv1 从动: 5 1677728407948 <---
---> lv1 从动: 6 1677728407953 <---
---> lv1 从动: 7 1677728407958 <---
---> lv1 从动: 8 1677728407963 <---
---> lv1 从动: 9 1677728407968 <---
---> lv1 从动: 10 1677728407973 <---
---> lv1 从动: 11 1677728407979 <---
---> lv1 从动: 12 1677728407983 <---
---> lv1 从动: 13 1677728407988 <---
---> lv1 从动: 14 1677728407993 <---
---> lv1 从动: 15 1677728407999 <---
Timer Tick now: 1677728408004	 timeout:1677728408000
timeout:1677728409000	lv1:16	lv2:1	lv3:1
real insert: 1
---> lv1 从动: 16 1677728408004 <---
---> lv1 从动: 17 1677728408008 <---
---> lv1 从动: 18 1677728408013 <---
---> lv1 从动: 19 1677728408018 <---
---> lv2 从动: 11 1677728408018 <---
---> lv1 从动: 0 1677728408024 <---
---> lv1 从动: 1 1677728408028 <---
---> lv1 从动: 2 1677728408034 <---
---> lv1 从动: 3 1677728408038 <---
---> lv1 从动: 4 1677728408043 <---
---> lv1 从动: 5 1677728408048 <---
---> lv1 从动: 6 1677728408054 <---
---> lv1 从动: 7 1677728408058 <---
---> lv1 从动: 8 1677728408063 <---
---> lv1 从动: 9 1677728408069 <---
---> lv1 从动: 10 1677728408073 <---
---> lv1 从动: 11 1677728408079 <---
---> lv1 从动: 12 1677728408084 <---
---> lv1 从动: 13 1677728408088 <---
---> lv1 从动: 14 1677728408093 <---
---> lv1 从动: 15 1677728408098 <---
---> lv1 从动: 16 1677728408103 <---
---> lv1 从动: 17 1677728408109 <---
---> lv1 从动: 18 1677728408113 <---
---> lv1 从动: 19 1677728408118 <---
---> lv2 从动: 12 1677728408118 <---
---> lv1 从动: 0 1677728408123 <---
---> lv1 从动: 1 1677728408128 <---
---> lv1 从动: 2 1677728408133 <---
---> lv1 从动: 3 1677728408138 <---
---> lv1 从动: 4 1677728408143 <---
---> lv1 从动: 5 1677728408148 <---
---> lv1 从动: 6 1677728408153 <---
---> lv1 从动: 7 1677728408158 <---
---> lv1 从动: 8 1677728408163 <---
---> lv1 从动: 9 1677728408168 <---
---> lv1 从动: 10 1677728408174 <---
---> lv1 从动: 11 1677728408178 <---
---> lv1 从动: 12 1677728408183 <---
---> lv1 从动: 13 1677728408188 <---
---> lv1 从动: 14 1677728408194 <---
---> lv1 从动: 15 1677728408198 <---
---> lv1 从动: 16 1677728408204 <---
---> lv1 从动: 17 1677728408208 <---
---> lv1 从动: 18 1677728408213 <---
---> lv1 从动: 19 1677728408218 <---
---> lv2 从动: 13 1677728408218 <---
---> lv1 从动: 0 1677728408224 <---
---> lv1 从动: 1 1677728408228 <---
---> lv1 从动: 2 1677728408233 <---
---> lv1 从动: 3 1677728408238 <---
---> lv1 从动: 4 1677728408244 <---
---> lv1 从动: 5 1677728408249 <---
---> lv1 从动: 6 1677728408253 <---
---> lv1 从动: 7 1677728408258 <---
---> lv1 从动: 8 1677728408263 <---
---> lv1 从动: 9 1677728408268 <---
---> lv1 从动: 10 1677728408273 <---
---> lv1 从动: 11 1677728408278 <---
---> lv1 从动: 12 1677728408284 <---
---> lv1 从动: 13 1677728408288 <---
---> lv1 从动: 14 1677728408293 <---
---> lv1 从动: 15 1677728408299 <---
---> lv1 从动: 16 1677728408304 <---
---> lv1 从动: 17 1677728408309 <---
---> lv1 从动: 18 1677728408313 <---
---> lv1 从动: 19 1677728408319 <---
---> lv2 从动: 14 1677728408319 <---
---> lv1 从动: 0 1677728408323 <---
---> lv1 从动: 1 1677728408329 <---
---> lv1 从动: 2 1677728408334 <---
---> lv1 从动: 3 1677728408339 <---
---> lv1 从动: 4 1677728408343 <---
---> lv1 从动: 5 1677728408349 <---
---> lv1 从动: 6 1677728408353 <---
---> lv1 从动: 7 1677728408359 <---
---> lv1 从动: 8 1677728408364 <---
---> lv1 从动: 9 1677728408368 <---
---> lv1 从动: 10 1677728408373 <---
---> lv1 从动: 11 1677728408378 <---
---> lv1 从动: 12 1677728408383 <---
---> lv1 从动: 13 1677728408388 <---
---> lv1 从动: 14 1677728408393 <---
---> lv1 从动: 15 1677728408398 <---
---> lv1 从动: 16 1677728408403 <---
---> lv1 从动: 17 1677728408408 <---
---> lv1 从动: 18 1677728408413 <---
---> lv1 从动: 19 1677728408418 <---
---> lv2 从动: 15 1677728408418 <---
---> lv1 从动: 0 1677728408424 <---
---> lv1 从动: 1 1677728408429 <---
---> lv1 从动: 2 1677728408433 <---
---> lv1 从动: 3 1677728408438 <---
---> lv1 从动: 4 1677728408443 <---
---> lv1 从动: 5 1677728408448 <---
---> lv1 从动: 6 1677728408453 <---
---> lv1 从动: 7 1677728408458 <---
---> lv1 从动: 8 1677728408463 <---
---> lv1 从动: 9 1677728408468 <---
---> lv1 从动: 10 1677728408473 <---
---> lv1 从动: 11 1677728408478 <---
---> lv1 从动: 12 1677728408483 <---
---> lv1 从动: 13 1677728408488 <---
---> lv1 从动: 14 1677728408493 <---
---> lv1 从动: 15 1677728408498 <---
---> lv1 从动: 16 1677728408504 <---
---> lv1 从动: 17 1677728408508 <---
---> lv1 从动: 18 1677728408513 <---
---> lv1 从动: 19 1677728408518 <---
---> lv2 从动: 16 1677728408518 <---
---> lv1 从动: 0 1677728408523 <---
---> lv1 从动: 1 1677728408528 <---
---> lv1 从动: 2 1677728408533 <---
---> lv1 从动: 3 1677728408539 <---
---> lv1 从动: 4 1677728408543 <---
---> lv1 从动: 5 1677728408549 <---
---> lv1 从动: 6 1677728408553 <---
---> lv1 从动: 7 1677728408558 <---
---> lv1 从动: 8 1677728408564 <---
---> lv1 从动: 9 1677728408568 <---
---> lv1 从动: 10 1677728408574 <---
---> lv1 从动: 11 1677728408578 <---
---> lv1 从动: 12 1677728408584 <---
---> lv1 从动: 13 1677728408588 <---
---> lv1 从动: 14 1677728408593 <---
---> lv1 从动: 15 1677728408598 <---
---> lv1 从动: 16 1677728408604 <---
---> lv1 从动: 17 1677728408608 <---
---> lv1 从动: 18 1677728408614 <---
---> lv1 从动: 19 1677728408618 <---
---> lv2 从动: 17 1677728408618 <---
---> lv1 从动: 0 1677728408623 <---
---> lv1 从动: 1 1677728408629 <---
---> lv1 从动: 2 1677728408633 <---
---> lv1 从动: 3 1677728408638 <---
---> lv1 从动: 4 1677728408644 <---
---> lv1 从动: 5 1677728408648 <---
---> lv1 从动: 6 1677728408653 <---
---> lv1 从动: 7 1677728408658 <---
---> lv1 从动: 8 1677728408663 <---
---> lv1 从动: 9 1677728408668 <---
---> lv1 从动: 10 1677728408674 <---
---> lv1 从动: 11 1677728408679 <---
---> lv1 从动: 12 1677728408683 <---
---> lv1 从动: 13 1677728408689 <---
---> lv1 从动: 14 1677728408693 <---
---> lv1 从动: 15 1677728408698 <---
---> lv1 从动: 16 1677728408704 <---
---> lv1 从动: 17 1677728408708 <---
---> lv1 从动: 18 1677728408714 <---
---> lv1 从动: 19 1677728408718 <---
---> lv2 从动: 18 1677728408718 <---
---> lv1 从动: 0 1677728408723 <---
---> lv1 从动: 1 1677728408729 <---
---> lv1 从动: 2 1677728408734 <---
---> lv1 从动: 3 1677728408739 <---
---> lv1 从动: 4 1677728408743 <---
---> lv1 从动: 5 1677728408749 <---
---> lv1 从动: 6 1677728408754 <---
---> lv1 从动: 7 1677728408759 <---
---> lv1 从动: 8 1677728408764 <---
---> lv1 从动: 9 1677728408769 <---
---> lv1 从动: 10 1677728408773 <---
---> lv1 从动: 11 1677728408778 <---
---> lv1 从动: 12 1677728408783 <---
---> lv1 从动: 13 1677728408789 <---
---> lv1 从动: 14 1677728408793 <---
---> lv1 从动: 15 1677728408798 <---
---> lv1 从动: 16 1677728408804 <---
---> lv1 从动: 17 1677728408808 <---
---> lv1 从动: 18 1677728408813 <---
---> lv1 从动: 19 1677728408819 <---
---> lv2 从动: 19 1677728408819 <---
---> lv3 从动: 0 1677728408819 <---
error re-map! begin_time---> lv1 从动: 0 1677728408823 <---
---> lv1 从动: 1 1677728408829 <---
---> lv1 从动: 2 1677728408834 <---
---> lv1 从动: 3 1677728408838 <---
---> lv1 从动: 4 1677728408843 <---
---> lv1 从动: 5 1677728408848 <---
---> lv1 从动: 6 1677728408854 <---
---> lv1 从动: 7 1677728408858 <---
---> lv1 从动: 8 1677728408863 <---
---> lv1 从动: 9 1677728408868 <---
---> lv1 从动: 10 1677728408873 <---
---> lv1 从动: 11 1677728408878 <---
---> lv1 从动: 12 1677728408883 <---
---> lv1 从动: 13 1677728408888 <---
---> lv1 从动: 14 1677728408893 <---
---> lv1 从动: 15 1677728408899 <---
---> lv1 从动: 16 1677728408903 <---
---> lv1 从动: 17 1677728408909 <---
---> lv1 从动: 18 1677728408914 <---
---> lv1 从动: 19 1677728408918 <---
---> lv2 从动: 0 1677728408918 <---
error re-map! begin_time---> lv1 从动: 0 1677728408923 <---
---> lv1 从动: 1 1677728408929 <---
---> lv1 从动: 2 1677728408933 <---
---> lv1 从动: 3 1677728408938 <---
---> lv1 从动: 4 1677728408943 <---
---> lv1 从动: 5 1677728408948 <---
---> lv1 从动: 6 1677728408953 <---
---> lv1 从动: 7 1677728408958 <---
---> lv1 从动: 8 1677728408963 <---
---> lv1 从动: 9 1677728408969 <---
---> lv1 从动: 10 1677728408975 <---
---> lv1 从动: 11 1677728408979 <---
---> lv1 从动: 12 1677728408983 <---
---> lv1 从动: 13 1677728408989 <---
---> lv1 从动: 14 1677728408993 <---
---> lv1 从动: 15 1677728408999 <---
Timer Tick now: 1677728409003	 timeout:1677728409000
timeout:1677728410000	lv1:16	lv2:11	lv3:1
real insert: 1 11
---> lv1 从动: 16 1677728409003 <---
---> lv1 从动: 17 1677728409009 <---
---> lv1 从动: 18 1677728409013 <---
---> lv1 从动: 19 1677728409018 <---
---> lv2 从动: 1 1677728409018 <---
---> lv1 从动: 0 1677728409023 <---
---> lv1 从动: 1 1677728409029 <---
---> lv1 从动: 2 1677728409033 <---
---> lv1 从动: 3 1677728409039 <---
---> lv1 从动: 4 1677728409043 <---
---> lv1 从动: 5 1677728409049 <---
---> lv1 从动: 6 1677728409054 <---
---> lv1 从动: 7 1677728409058 <---
---> lv1 从动: 8 1677728409063 <---
---> lv1 从动: 9 1677728409068 <---
---> lv1 从动: 10 1677728409074 <---
---> lv1 从动: 11 1677728409079 <---
---> lv1 从动: 12 1677728409084 <---
---> lv1 从动: 13 1677728409088 <---
---> lv1 从动: 14 1677728409093 <---
---> lv1 从动: 15 1677728409098 <---
---> lv1 从动: 16 1677728409103 <---
---> lv1 从动: 17 1677728409108 <---
---> lv1 从动: 18 1677728409113 <---
---> lv1 从动: 19 1677728409118 <---
---> lv2 从动: 2 1677728409118 <---
---> lv1 从动: 0 1677728409123 <---
---> lv1 从动: 1 1677728409129 <---
---> lv1 从动: 2 1677728409133 <---
---> lv1 从动: 3 1677728409138 <---
---> lv1 从动: 4 1677728409143 <---
---> lv1 从动: 5 1677728409148 <---
---> lv1 从动: 6 1677728409153 <---
---> lv1 从动: 7 1677728409159 <---
---> lv1 从动: 8 1677728409163 <---
---> lv1 从动: 9 1677728409168 <---
---> lv1 从动: 10 1677728409173 <---
---> lv1 从动: 11 1677728409178 <---
---> lv1 从动: 12 1677728409184 <---
---> lv1 从动: 13 1677728409189 <---
---> lv1 从动: 14 1677728409194 <---
---> lv1 从动: 15 1677728409199 <---
---> lv1 从动: 16 1677728409203 <---
---> lv1 从动: 17 1677728409209 <---
---> lv1 从动: 18 1677728409214 <---
---> lv1 从动: 19 1677728409219 <---
---> lv2 从动: 3 1677728409219 <---
---> lv1 从动: 0 1677728409223 <---
---> lv1 从动: 1 1677728409228 <---
---> lv1 从动: 2 1677728409233 <---
---> lv1 从动: 3 1677728409239 <---
---> lv1 从动: 4 1677728409243 <---
---> lv1 从动: 5 1677728409248 <---
---> lv1 从动: 6 1677728409253 <---
---> lv1 从动: 7 1677728409258 <---
---> lv1 从动: 8 1677728409263 <---
---> lv1 从动: 9 1677728409269 <---
---> lv1 从动: 10 1677728409273 <---
---> lv1 从动: 11 1677728409279 <---
---> lv1 从动: 12 1677728409283 <---
---> lv1 从动: 13 1677728409289 <---
---> lv1 从动: 14 1677728409293 <---
---> lv1 从动: 15 1677728409299 <---
---> lv1 从动: 16 1677728409303 <---
---> lv1 从动: 17 1677728409309 <---
---> lv1 从动: 18 1677728409314 <---
---> lv1 从动: 19 1677728409318 <---
---> lv2 从动: 4 1677728409319 <---
---> lv1 从动: 0 1677728409323 <---
---> lv1 从动: 1 1677728409328 <---
---> lv1 从动: 2 1677728409333 <---
---> lv1 从动: 3 1677728409338 <---
---> lv1 从动: 4 1677728409344 <---
---> lv1 从动: 5 1677728409348 <---
---> lv1 从动: 6 1677728409353 <---
---> lv1 从动: 7 1677728409358 <---
---> lv1 从动: 8 1677728409363 <---
---> lv1 从动: 9 1677728409368 <---
---> lv1 从动: 10 1677728409373 <---
---> lv1 从动: 11 1677728409379 <---
---> lv1 从动: 12 1677728409383 <---
---> lv1 从动: 13 1677728409388 <---
---> lv1 从动: 14 1677728409394 <---
---> lv1 从动: 15 1677728409398 <---
---> lv1 从动: 16 1677728409403 <---
---> lv1 从动: 17 1677728409408 <---
---> lv1 从动: 18 1677728409413 <---
---> lv1 从动: 19 1677728409418 <---
---> lv2 从动: 5 1677728409418 <---
---> lv1 从动: 0 1677728409424 <---
---> lv1 从动: 1 1677728409428 <---
---> lv1 从动: 2 1677728409433 <---
---> lv1 从动: 3 1677728409439 <---
---> lv1 从动: 4 1677728409443 <---
---> lv1 从动: 5 1677728409449 <---
---> lv1 从动: 6 1677728409453 <---
---> lv1 从动: 7 1677728409458 <---
---> lv1 从动: 8 1677728409463 <---
---> lv1 从动: 9 1677728409468 <---
---> lv1 从动: 10 1677728409474 <---
---> lv1 从动: 11 1677728409479 <---
---> lv1 从动: 12 1677728409483 <---
---> lv1 从动: 13 1677728409489 <---
---> lv1 从动: 14 1677728409494 <---
---> lv1 从动: 15 1677728409498 <---
---> lv1 从动: 16 1677728409504 <---
---> lv1 从动: 17 1677728409509 <---
---> lv1 从动: 18 1677728409513 <---
---> lv1 从动: 19 1677728409518 <---
---> lv2 从动: 6 1677728409518 <---
---> lv1 从动: 0 1677728409524 <---
---> lv1 从动: 1 1677728409528 <---
---> lv1 从动: 2 1677728409533 <---
---> lv1 从动: 3 1677728409539 <---
---> lv1 从动: 4 1677728409543 <---
---> lv1 从动: 5 1677728409548 <---
---> lv1 从动: 6 1677728409554 <---
---> lv1 从动: 7 1677728409558 <---
---> lv1 从动: 8 1677728409563 <---
---> lv1 从动: 9 1677728409568 <---
---> lv1 从动: 10 1677728409573 <---
---> lv1 从动: 11 1677728409579 <---
---> lv1 从动: 12 1677728409583 <---
---> lv1 从动: 13 1677728409588 <---
---> lv1 从动: 14 1677728409593 <---
---> lv1 从动: 15 1677728409599 <---
---> lv1 从动: 16 1677728409604 <---
---> lv1 从动: 17 1677728409608 <---
---> lv1 从动: 18 1677728409613 <---
---> lv1 从动: 19 1677728409619 <---
---> lv2 从动: 7 1677728409619 <---
---> lv1 从动: 0 1677728409623 <---
---> lv1 从动: 1 1677728409628 <---
---> lv1 从动: 2 1677728409634 <---
---> lv1 从动: 3 1677728409638 <---
---> lv1 从动: 4 1677728409643 <---
---> lv1 从动: 5 1677728409648 <---
---> lv1 从动: 6 1677728409653 <---
---> lv1 从动: 7 1677728409659 <---
---> lv1 从动: 8 1677728409663 <---
---> lv1 从动: 9 1677728409668 <---
---> lv1 从动: 10 1677728409674 <---
---> lv1 从动: 11 1677728409679 <---
---> lv1 从动: 12 1677728409683 <---
---> lv1 从动: 13 1677728409688 <---
---> lv1 从动: 14 1677728409693 <---
---> lv1 从动: 15 1677728409698 <---
---> lv1 从动: 16 1677728409703 <---
---> lv1 从动: 17 1677728409708 <---
---> lv1 从动: 18 1677728409713 <---
---> lv1 从动: 19 1677728409718 <---
---> lv2 从动: 8 1677728409718 <---
---> lv1 从动: 0 1677728409723 <---
---> lv1 从动: 1 1677728409728 <---
---> lv1 从动: 2 1677728409733 <---
---> lv1 从动: 3 1677728409738 <---
---> lv1 从动: 4 1677728409743 <---
---> lv1 从动: 5 1677728409748 <---
---> lv1 从动: 6 1677728409753 <---
---> lv1 从动: 7 1677728409758 <---
---> lv1 从动: 8 1677728409763 <---
---> lv1 从动: 9 1677728409768 <---
---> lv1 从动: 10 1677728409773 <---
---> lv1 从动: 11 1677728409779 <---
---> lv1 从动: 12 1677728409783 <---
---> lv1 从动: 13 1677728409788 <---
---> lv1 从动: 14 1677728409794 <---
---> lv1 从动: 15 1677728409799 <---
---> lv1 从动: 16 1677728409803 <---
---> lv1 从动: 17 1677728409808 <---
---> lv1 从动: 18 1677728409814 <---
---> lv1 从动: 19 1677728409818 <---
---> lv2 从动: 9 1677728409818 <---
---> lv1 从动: 0 1677728409823 <---
---> lv1 从动: 1 1677728409828 <---
---> lv1 从动: 2 1677728409833 <---
---> lv1 从动: 3 1677728409838 <---
---> lv1 从动: 4 1677728409843 <---
---> lv1 从动: 5 1677728409848 <---
---> lv1 从动: 6 1677728409853 <---
---> lv1 从动: 7 1677728409858 <---
---> lv1 从动: 8 1677728409863 <---
---> lv1 从动: 9 1677728409868 <---
---> lv1 从动: 10 1677728409874 <---
---> lv1 从动: 11 1677728409878 <---
---> lv1 从动: 12 1677728409883 <---
---> lv1 从动: 13 1677728409888 <---
---> lv1 从动: 14 1677728409893 <---
---> lv1 从动: 15 1677728409898 <---
---> lv1 从动: 16 1677728409904 <---
---> lv1 从动: 17 1677728409908 <---
---> lv1 从动: 18 1677728409913 <---
---> lv1 从动: 19 1677728409918 <---
---> lv2 从动: 10 1677728409918 <---
error re-map! begin_time---> lv1 从动: 0 1677728409923 <---
---> lv1 从动: 1 1677728409928 <---
---> lv1 从动: 2 1677728409933 <---
---> lv1 从动: 3 1677728409938 <---
---> lv1 从动: 4 1677728409944 <---
---> lv1 从动: 5 1677728409948 <---
---> lv1 从动: 6 1677728409953 <---
---> lv1 从动: 7 1677728409958 <---
---> lv1 从动: 8 1677728409963 <---
---> lv1 从动: 9 1677728409968 <---
---> lv1 从动: 10 1677728409973 <---
---> lv1 从动: 11 1677728409978 <---
---> lv1 从动: 12 1677728409984 <---
---> lv1 从动: 13 1677728409988 <---
---> lv1 从动: 14 1677728409993 <---
---> lv1 从动: 15 1677728409998 <---
Timer Tick now: 1677728410003	 timeout:1677728410000
timeout:1677728411000	lv1:16	lv2:1	lv3:2
real insert: 2
---> lv1 从动: 16 1677728410003 <---
---> lv1 从动: 17 1677728410008 <---
---> lv1 从动: 18 1677728410014 <---
---> lv1 从动: 19 1677728410018 <---
---> lv2 从动: 11 1677728410018 <---
---> lv1 从动: 0 1677728410023 <---
---> lv1 从动: 1 1677728410028 <---
---> lv1 从动: 2 1677728410033 <---
---> lv1 从动: 3 1677728410039 <---
---> lv1 从动: 4 1677728410043 <---
---> lv1 从动: 5 1677728410048 <---
---> lv1 从动: 6 1677728410054 <---
---> lv1 从动: 7 1677728410058 <---
---> lv1 从动: 8 1677728410063 <---
---> lv1 从动: 9 1677728410068 <---
---> lv1 从动: 10 1677728410073 <---
---> lv1 从动: 11 1677728410078 <---
---> lv1 从动: 12 1677728410083 <---
---> lv1 从动: 13 1677728410089 <---
---> lv1 从动: 14 1677728410093 <---
---> lv1 从动: 15 1677728410099 <---
---> lv1 从动: 16 1677728410104 <---
---> lv1 从动: 17 1677728410109 <---
---> lv1 从动: 18 1677728410113 <---
---> lv1 从动: 19 1677728410118 <---
---> lv2 从动: 12 1677728410118 <---
---> lv1 从动: 0 1677728410123 <---
---> lv1 从动: 1 1677728410129 <---
---> lv1 从动: 2 1677728410133 <---
---> lv1 从动: 3 1677728410138 <---
---> lv1 从动: 4 1677728410144 <---
---> lv1 从动: 5 1677728410149 <---
---> lv1 从动: 6 1677728410153 <---
---> lv1 从动: 7 1677728410158 <---
---> lv1 从动: 8 1677728410163 <---
---> lv1 从动: 9 1677728410168 <---
---> lv1 从动: 10 1677728410173 <---
---> lv1 从动: 11 1677728410178 <---
---> lv1 从动: 12 1677728410183 <---
---> lv1 从动: 13 1677728410188 <---
---> lv1 从动: 14 1677728410193 <---
---> lv1 从动: 15 1677728410198 <---
---> lv1 从动: 16 1677728410203 <---
---> lv1 从动: 17 1677728410209 <---
---> lv1 从动: 18 1677728410214 <---
---> lv1 从动: 19 1677728410219 <---
---> lv2 从动: 13 1677728410219 <---
---> lv1 从动: 0 1677728410224 <---
---> lv1 从动: 1 1677728410229 <---
---> lv1 从动: 2 1677728410233 <---
---> lv1 从动: 3 1677728410239 <---
---> lv1 从动: 4 1677728410243 <---
---> lv1 从动: 5 1677728410248 <---
---> lv1 从动: 6 1677728410253 <---
---> lv1 从动: 7 1677728410259 <---
---> lv1 从动: 8 1677728410264 <---
---> lv1 从动: 9 1677728410268 <---
---> lv1 从动: 10 1677728410273 <---
---> lv1 从动: 11 1677728410279 <---
---> lv1 从动: 12 1677728410285 <---
---> lv1 从动: 13 1677728410288 <---
---> lv1 从动: 14 1677728410293 <---
---> lv1 从动: 15 1677728410299 <---
---> lv1 从动: 16 1677728410303 <---
---> lv1 从动: 17 1677728410308 <---
---> lv1 从动: 18 1677728410313 <---
---> lv1 从动: 19 1677728410318 <---
---> lv2 从动: 14 1677728410318 <---
---> lv1 从动: 0 1677728410323 <---
---> lv1 从动: 1 1677728410329 <---
---> lv1 从动: 2 1677728410334 <---
---> lv1 从动: 3 1677728410338 <---
---> lv1 从动: 4 1677728410343 <---
---> lv1 从动: 5 1677728410348 <---
---> lv1 从动: 6 1677728410353 <---
---> lv1 从动: 7 1677728410359 <---
---> lv1 从动: 8 1677728410363 <---
---> lv1 从动: 9 1677728410368 <---
---> lv1 从动: 10 1677728410373 <---
---> lv1 从动: 11 1677728410378 <---
---> lv1 从动: 12 1677728410383 <---
---> lv1 从动: 13 1677728410388 <---
---> lv1 从动: 14 1677728410393 <---
---> lv1 从动: 15 1677728410398 <---
---> lv1 从动: 16 1677728410403 <---
---> lv1 从动: 17 1677728410408 <---
---> lv1 从动: 18 1677728410414 <---
---> lv1 从动: 19 1677728410418 <---
---> lv2 从动: 15 1677728410418 <---
---> lv1 从动: 0 1677728410423 <---
---> lv1 从动: 1 1677728410429 <---
---> lv1 从动: 2 1677728410433 <---
---> lv1 从动: 3 1677728410449 <---
---> lv1 从动: 4 1677728410449 <---
---> lv1 从动: 5 1677728410449 <---
---> lv1 从动: 6 1677728410456 <---
---> lv1 从动: 7 1677728410458 <---
---> lv1 从动: 8 1677728410463 <---
---> lv1 从动: 9 1677728410469 <---
---> lv1 从动: 10 1677728410474 <---
---> lv1 从动: 11 1677728410479 <---
---> lv1 从动: 12 1677728410485 <---
---> lv1 从动: 13 1677728410488 <---
---> lv1 从动: 14 1677728410493 <---
---> lv1 从动: 15 1677728410499 <---
---> lv1 从动: 16 1677728410503 <---
---> lv1 从动: 17 1677728410508 <---
---> lv1 从动: 18 1677728410514 <---
---> lv1 从动: 19 1677728410518 <---
---> lv2 从动: 16 1677728410518 <---
---> lv1 从动: 0 1677728410524 <---
---> lv1 从动: 1 1677728410528 <---
---> lv1 从动: 2 1677728410533 <---
---> lv1 从动: 3 1677728410538 <---
---> lv1 从动: 4 1677728410543 <---
---> lv1 从动: 5 1677728410548 <---
---> lv1 从动: 6 1677728410554 <---
---> lv1 从动: 7 1677728410559 <---
---> lv1 从动: 8 1677728410564 <---
---> lv1 从动: 9 1677728410568 <---
---> lv1 从动: 10 1677728410573 <---
---> lv1 从动: 11 1677728410578 <---
---> lv1 从动: 12 1677728410583 <---
---> lv1 从动: 13 1677728410588 <---
---> lv1 从动: 14 1677728410594 <---
---> lv1 从动: 15 1677728410598 <---
---> lv1 从动: 16 1677728410603 <---
---> lv1 从动: 17 1677728410608 <---
---> lv1 从动: 18 1677728410614 <---
---> lv1 从动: 19 1677728410618 <---
---> lv2 从动: 17 1677728410618 <---
---> lv1 从动: 0 1677728410624 <---
---> lv1 从动: 1 1677728410628 <---
---> lv1 从动: 2 1677728410633 <---
---> lv1 从动: 3 1677728410638 <---
---> lv1 从动: 4 1677728410643 <---
---> lv1 从动: 5 1677728410649 <---
---> lv1 从动: 6 1677728410653 <---
---> lv1 从动: 7 1677728410658 <---
---> lv1 从动: 8 1677728410664 <---
---> lv1 从动: 9 1677728410668 <---
---> lv1 从动: 10 1677728410673 <---
---> lv1 从动: 11 1677728410678 <---
---> lv1 从动: 12 1677728410684 <---
---> lv1 从动: 13 1677728410689 <---
---> lv1 从动: 14 1677728410693 <---
---> lv1 从动: 15 1677728410698 <---
---> lv1 从动: 16 1677728410703 <---
---> lv1 从动: 17 1677728410709 <---
---> lv1 从动: 18 1677728410714 <---
---> lv1 从动: 19 1677728410718 <---
---> lv2 从动: 18 1677728410718 <---
---> lv1 从动: 0 1677728410724 <---
---> lv1 从动: 1 1677728410728 <---
---> lv1 从动: 2 1677728410734 <---
---> lv1 从动: 3 1677728410739 <---
---> lv1 从动: 4 1677728410743 <---
---> lv1 从动: 5 1677728410748 <---
---> lv1 从动: 6 1677728410754 <---
---> lv1 从动: 7 1677728410758 <---
---> lv1 从动: 8 1677728410763 <---
---> lv1 从动: 9 1677728410769 <---
---> lv1 从动: 10 1677728410773 <---
---> lv1 从动: 11 1677728410778 <---
---> lv1 从动: 12 1677728410783 <---
---> lv1 从动: 13 1677728410788 <---
---> lv1 从动: 14 1677728410793 <---
---> lv1 从动: 15 1677728410798 <---
---> lv1 从动: 16 1677728410803 <---
---> lv1 从动: 17 1677728410808 <---
---> lv1 从动: 18 1677728410814 <---
---> lv1 从动: 19 1677728410819 <---
---> lv2 从动: 19 1677728410819 <---
---> lv3 从动: 1 1677728410819 <---
error re-map! begin_time---> lv1 从动: 0 1677728410823 <---
---> lv1 从动: 1 1677728410828 <---
---> lv1 从动: 2 1677728410833 <---
---> lv1 从动: 3 1677728410838 <---
---> lv1 从动: 4 1677728410843 <---
---> lv1 从动: 5 1677728410849 <---
---> lv1 从动: 6 1677728410854 <---
---> lv1 从动: 7 1677728410858 <---
---> lv1 从动: 8 1677728410863 <---
---> lv1 从动: 9 1677728410868 <---
---> lv1 从动: 10 1677728410873 <---
---> lv1 从动: 11 1677728410878 <---
---> lv1 从动: 12 1677728410883 <---
---> lv1 从动: 13 1677728410889 <---
---> lv1 从动: 14 1677728410894 <---
---> lv1 从动: 15 1677728410898 <---
---> lv1 从动: 16 1677728410903 <---
---> lv1 从动: 17 1677728410909 <---
---> lv1 从动: 18 1677728410913 <---
---> lv1 从动: 19 1677728410918 <---
---> lv2 从动: 0 1677728410918 <---
error re-map! begin_time---> lv1 从动: 0 1677728410923 <---
---> lv1 从动: 1 1677728410929 <---
---> lv1 从动: 2 1677728410933 <---
---> lv1 从动: 3 1677728410938 <---
---> lv1 从动: 4 1677728410943 <---
---> lv1 从动: 5 1677728410948 <---
---> lv1 从动: 6 1677728410954 <---
---> lv1 从动: 7 1677728410958 <---
---> lv1 从动: 8 1677728410963 <---
---> lv1 从动: 9 1677728410969 <---
---> lv1 从动: 10 1677728410974 <---
---> lv1 从动: 11 1677728410978 <---
---> lv1 从动: 12 1677728410985 <---
---> lv1 从动: 13 1677728410988 <---
---> lv1 从动: 14 1677728410994 <---
---> lv1 从动: 15 1677728410999 <---
Timer Tick now: 1677728411003	 timeout:1677728411000
timeout:1677728412000	lv1:16	lv2:11	lv3:2
real insert: 2 11
---> lv1 从动: 16 1677728411003 <---
---> lv1 从动: 17 1677728411009 <---
---> lv1 从动: 18 1677728411014 <---
---> lv1 从动: 19 1677728411019 <---
---> lv2 从动: 1 1677728411019 <---
---> lv1 从动: 0 1677728411023 <---
---> lv1 从动: 1 1677728411028 <---
---> lv1 从动: 2 1677728411033 <---
---> lv1 从动: 3 1677728411038 <---
---> lv1 从动: 4 1677728411043 <---
---> lv1 从动: 5 1677728411048 <---
---> lv1 从动: 6 1677728411054 <---
---> lv1 从动: 7 1677728411059 <---
---> lv1 从动: 8 1677728411063 <---
---> lv1 从动: 9 1677728411069 <---
---> lv1 从动: 10 1677728411073 <---
---> lv1 从动: 11 1677728411078 <---
---> lv1 从动: 12 1677728411083 <---
---> lv1 从动: 13 1677728411088 <---
---> lv1 从动: 14 1677728411093 <---
---> lv1 从动: 15 1677728411098 <---
---> lv1 从动: 16 1677728411103 <---
---> lv1 从动: 17 1677728411109 <---
---> lv1 从动: 18 1677728411113 <---
---> lv1 从动: 19 1677728411118 <---
---> lv2 从动: 2 1677728411118 <---
---> lv1 从动: 0 1677728411124 <---
---> lv1 从动: 1 1677728411129 <---
---> lv1 从动: 2 1677728411133 <---
---> lv1 从动: 3 1677728411139 <---
---> lv1 从动: 4 1677728411143 <---
---> lv1 从动: 5 1677728411148 <---
---> lv1 从动: 6 1677728411153 <---
---> lv1 从动: 7 1677728411158 <---
---> lv1 从动: 8 1677728411163 <---
---> lv1 从动: 9 1677728411168 <---
---> lv1 从动: 10 1677728411173 <---
---> lv1 从动: 11 1677728411179 <---
---> lv1 从动: 12 1677728411183 <---
---> lv1 从动: 13 1677728411188 <---
---> lv1 从动: 14 1677728411193 <---
---> lv1 从动: 15 1677728411199 <---
---> lv1 从动: 16 1677728411203 <---
---> lv1 从动: 17 1677728411209 <---
---> lv1 从动: 18 1677728411213 <---
---> lv1 从动: 19 1677728411219 <---
---> lv2 从动: 3 1677728411219 <---
---> lv1 从动: 0 1677728411223 <---
---> lv1 从动: 1 1677728411228 <---
---> lv1 从动: 2 1677728411234 <---
---> lv1 从动: 3 1677728411238 <---
---> lv1 从动: 4 1677728411243 <---
---> lv1 从动: 5 1677728411248 <---
---> lv1 从动: 6 1677728411253 <---
---> lv1 从动: 7 1677728411258 <---
---> lv1 从动: 8 1677728411264 <---
---> lv1 从动: 9 1677728411268 <---
---> lv1 从动: 10 1677728411273 <---
---> lv1 从动: 11 1677728411278 <---
---> lv1 从动: 12 1677728411283 <---
---> lv1 从动: 13 1677728411288 <---
---> lv1 从动: 14 1677728411293 <---
---> lv1 从动: 15 1677728411298 <---
---> lv1 从动: 16 1677728411303 <---
---> lv1 从动: 17 1677728411308 <---
---> lv1 从动: 18 1677728411313 <---
---> lv1 从动: 19 1677728411319 <---
---> lv2 从动: 4 1677728411319 <---
---> lv1 从动: 0 1677728411323 <---
---> lv1 从动: 1 1677728411328 <---
---> lv1 从动: 2 1677728411333 <---
---> lv1 从动: 3 1677728411338 <---
---> lv1 从动: 4 1677728411343 <---
---> lv1 从动: 5 1677728411348 <---
---> lv1 从动: 6 1677728411354 <---
---> lv1 从动: 7 1677728411359 <---
---> lv1 从动: 8 1677728411363 <---
---> lv1 从动: 9 1677728411368 <---
---> lv1 从动: 10 1677728411373 <---
---> lv1 从动: 11 1677728411378 <---
---> lv1 从动: 12 1677728411383 <---
---> lv1 从动: 13 1677728411389 <---
---> lv1 从动: 14 1677728411394 <---
---> lv1 从动: 15 1677728411399 <---
---> lv1 从动: 16 1677728411403 <---
---> lv1 从动: 17 1677728411408 <---
---> lv1 从动: 18 1677728411413 <---
---> lv1 从动: 19 1677728411418 <---
---> lv2 从动: 5 1677728411418 <---
---> lv1 从动: 0 1677728411423 <---
---> lv1 从动: 1 1677728411428 <---
---> lv1 从动: 2 1677728411433 <---
---> lv1 从动: 3 1677728411439 <---
---> lv1 从动: 4 1677728411443 <---
---> lv1 从动: 5 1677728411448 <---
---> lv1 从动: 6 1677728411453 <---
---> lv1 从动: 7 1677728411459 <---
---> lv1 从动: 8 1677728411463 <---
---> lv1 从动: 9 1677728411468 <---
---> lv1 从动: 10 1677728411474 <---
---> lv1 从动: 11 1677728411478 <---
---> lv1 从动: 12 1677728411483 <---
---> lv1 从动: 13 1677728411488 <---
---> lv1 从动: 14 1677728411494 <---
---> lv1 从动: 15 1677728411499 <---
---> lv1 从动: 16 1677728411503 <---
---> lv1 从动: 17 1677728411508 <---
---> lv1 从动: 18 1677728411513 <---
---> lv1 从动: 19 1677728411518 <---
---> lv2 从动: 6 1677728411518 <---
---> lv1 从动: 0 1677728411523 <---
---> lv1 从动: 1 1677728411528 <---
---> lv1 从动: 2 1677728411533 <---
---> lv1 从动: 3 1677728411538 <---
---> lv1 从动: 4 1677728411543 <---
---> lv1 从动: 5 1677728411548 <---
---> lv1 从动: 6 1677728411554 <---
---> lv1 从动: 7 1677728411559 <---
---> lv1 从动: 8 1677728411563 <---
---> lv1 从动: 9 1677728411569 <---
---> lv1 从动: 10 1677728411574 <---
---> lv1 从动: 11 1677728411579 <---
---> lv1 从动: 12 1677728411583 <---
---> lv1 从动: 13 1677728411588 <---
---> lv1 从动: 14 1677728411594 <---
---> lv1 从动: 15 1677728411598 <---
---> lv1 从动: 16 1677728411603 <---
---> lv1 从动: 17 1677728411609 <---
---> lv1 从动: 18 1677728411613 <---
---> lv1 从动: 19 1677728411618 <---
---> lv2 从动: 7 1677728411618 <---
---> lv1 从动: 0 1677728411623 <---
---> lv1 从动: 1 1677728411628 <---
---> lv1 从动: 2 1677728411634 <---
---> lv1 从动: 3 1677728411638 <---
---> lv1 从动: 4 1677728411643 <---
---> lv1 从动: 5 1677728411648 <---
---> lv1 从动: 6 1677728411654 <---
---> lv1 从动: 7 1677728411658 <---
---> lv1 从动: 8 1677728411663 <---
---> lv1 从动: 9 1677728411668 <---
---> lv1 从动: 10 1677728411673 <---
---> lv1 从动: 11 1677728411679 <---
---> lv1 从动: 12 1677728411684 <---
---> lv1 从动: 13 1677728411688 <---
---> lv1 从动: 14 1677728411693 <---
---> lv1 从动: 15 1677728411698 <---
---> lv1 从动: 16 1677728411703 <---
---> lv1 从动: 17 1677728411709 <---
---> lv1 从动: 18 1677728411713 <---
---> lv1 从动: 19 1677728411718 <---
---> lv2 从动: 8 1677728411718 <---
---> lv1 从动: 0 1677728411724 <---
---> lv1 从动: 1 1677728411728 <---
---> lv1 从动: 2 1677728411733 <---
---> lv1 从动: 3 1677728411738 <---
---> lv1 从动: 4 1677728411744 <---
---> lv1 从动: 5 1677728411748 <---
---> lv1 从动: 6 1677728411753 <---
---> lv1 从动: 7 1677728411759 <---
---> lv1 从动: 8 1677728411763 <---
---> lv1 从动: 9 1677728411768 <---
---> lv1 从动: 10 1677728411773 <---
---> lv1 从动: 11 16777284